2013/10/15 19:07:25 [error] [exception.CHttpException.404] exception 'CHttpException' with message 'The system is unable to find the requested action "phone".' in C:\yii\framework\web\CController.php:483
Stack trace:
#0 C:\yii\framework\web\CController.php(270): CController->missingAction('phone')
#1 C:\yii\framework\web\CWebApplication.php(282): CController->run('phone')
#2 C:\yii\framework\web\CWebApplication.php(141): CWebApplication->runController('phone/phone/vie...')
#3 C:\yii\framework\base\CApplication.php(169): CWebApplication->processRequest()
#4 C:\wamp\www\gadgetstore\index.php(13): CApplication->run()
#5 {main}
REQUEST_URI=/gadgetstore/phone/phone/view
HTTP_REFERER=http://localhost/gadgetstore/phone/add
---
2013/10/15 19:07:43 [error] [exception.CHttpException.404] exception 'CHttpException' with message 'The system is unable to find the requested action "phone".' in C:\yii\framework\web\CController.php:483
Stack trace:
#0 C:\yii\framework\web\CController.php(270): CController->missingAction('phone')
#1 C:\yii\framework\web\CWebApplication.php(282): CController->run('phone')
#2 C:\yii\framework\web\CWebApplication.php(141): CWebApplication->runController('phone/phone/vie...')
#3 C:\yii\framework\base\CApplication.php(169): CWebApplication->processRequest()
#4 C:\wamp\www\gadgetstore\index.php(13): CApplication->run()
#5 {main}
REQUEST_URI=/gadgetstore/phone/phone/view
HTTP_REFERER=http://localhost/gadgetstore/phone/add
---
2013/10/15 19:07:48 [error] [exception.CHttpException.404] exception 'CHttpException' with message 'The system is unable to find the requested action "phone".' in C:\yii\framework\web\CController.php:483
Stack trace:
#0 C:\yii\framework\web\CController.php(270): CController->missingAction('phone')
#1 C:\yii\framework\web\CWebApplication.php(282): CController->run('phone')
#2 C:\yii\framework\web\CWebApplication.php(141): CWebApplication->runController('phone/phone/vie...')
#3 C:\yii\framework\base\CApplication.php(169): CWebApplication->processRequest()
#4 C:\wamp\www\gadgetstore\index.php(13): CApplication->run()
#5 {main}
REQUEST_URI=/gadgetstore/phone/phone/view
---
2013/10/15 19:07:55 [error] [exception.CException] exception 'CException' with message 'PhoneController cannot find the requested view "phone/view-all".' in C:\yii\framework\web\CController.php:878
Stack trace:
#0 C:\yii\framework\web\CController.php(782): CController->renderPartial('phone/view-all', Array, true)
#1 C:\wamp\www\gadgetstore\protected\controllers\PhoneController.php(49): CController->render('phone/view-all', Array)
#2 C:\yii\framework\web\actions\CInlineAction.php(49): PhoneController->actionView()
#3 C:\yii\framework\web\CController.php(308): CInlineAction->runWithParams(Array)
#4 C:\yii\framework\web\CController.php(286): CController->runAction(Object(CInlineAction))
#5 C:\yii\framework\web\CController.php(265): CController->runActionWithFilters(Object(CInlineAction), Array)
#6 C:\yii\framework\web\CWebApplication.php(282): CController->run('view')
#7 C:\yii\framework\web\CWebApplication.php(141): CWebApplication->runController('phone/view')
#8 C:\yii\framework\base\CApplication.php(169): CWebApplication->processRequest()
#9 C:\wamp\www\gadgetstore\index.php(13): CApplication->run()
#10 {main}
REQUEST_URI=/gadgetstore/phone/view
HTTP_REFERER=http://localhost/gadgetstore/phone/add
---
2013/10/15 19:11:46 [error] [exception.CHttpException.404] exception 'CHttpException' with message 'The system is unable to find the requested action "index".' in C:\yii\framework\web\CController.php:483
Stack trace:
#0 C:\yii\framework\web\CController.php(270): CController->missingAction('')
#1 C:\yii\framework\web\CWebApplication.php(282): CController->run('')
#2 C:\yii\framework\web\CWebApplication.php(141): CWebApplication->runController('phone')
#3 C:\yii\framework\base\CApplication.php(169): CWebApplication->processRequest()
#4 C:\wamp\www\gadgetstore\index.php(13): CApplication->run()
#5 {main}
REQUEST_URI=/gadgetstore/phone
HTTP_REFERER=http://localhost/gadgetstore/phone/view/1
---
2013/10/15 19:16:45 [error] [php] Undefined variable: phone (C:\wamp\www\gadgetstore\protected\views\phone\view.php:9)
Stack trace:
#0 C:\yii\framework\web\CController.php(869): PhoneController->renderFile()
#1 C:\yii\framework\web\CController.php(782): PhoneController->renderPartial()
#2 C:\wamp\www\gadgetstore\protected\controllers\PhoneController.php(45): PhoneController->render()
#3 C:\yii\framework\web\actions\CInlineAction.php(49): PhoneController->actionView()
#4 C:\yii\framework\web\CController.php(308): CInlineAction->runWithParams()
#5 C:\yii\framework\web\CController.php(286): PhoneController->runAction()
#6 C:\yii\framework\web\CController.php(265): PhoneController->runActionWithFilters()
#7 C:\yii\framework\web\CWebApplication.php(282): PhoneController->run()
#8 C:\yii\framework\web\CWebApplication.php(141): CWebApplication->runController()
#9 C:\yii\framework\base\CApplication.php(169): CWebApplication->processRequest()
#10 C:\wamp\www\gadgetstore\index.php(13): CWebApplication->run()
REQUEST_URI=/gadgetstore/phone/view/1
in C:\wamp\www\gadgetstore\protected\views\phone\view.php (9)
in C:\wamp\www\gadgetstore\protected\controllers\PhoneController.php (45)
in C:\wamp\www\gadgetstore\index.php (13)
2013/10/15 19:17:36 [error] [php] Undefined variable: phone (C:\wamp\www\gadgetstore\protected\views\phone\view.php:9)
Stack trace:
#0 C:\yii\framework\web\CController.php(869): PhoneController->renderFile()
#1 C:\yii\framework\web\CController.php(782): PhoneController->renderPartial()
#2 C:\wamp\www\gadgetstore\protected\controllers\PhoneController.php(45): PhoneController->render()
#3 C:\yii\framework\web\actions\CInlineAction.php(49): PhoneController->actionView()
#4 C:\yii\framework\web\CController.php(308): CInlineAction->runWithParams()
#5 C:\yii\framework\web\CController.php(286): PhoneController->runAction()
#6 C:\yii\framework\web\CController.php(265): PhoneController->runActionWithFilters()
#7 C:\yii\framework\web\CWebApplication.php(282): PhoneController->run()
#8 C:\yii\framework\web\CWebApplication.php(141): CWebApplication->runController()
#9 C:\yii\framework\base\CApplication.php(169): CWebApplication->processRequest()
#10 C:\wamp\www\gadgetstore\index.php(13): CWebApplication->run()
REQUEST_URI=/gadgetstore/phone/view/1
in C:\wamp\www\gadgetstore\protected\views\phone\view.php (9)
in C:\wamp\www\gadgetstore\protected\controllers\PhoneController.php (45)
in C:\wamp\www\gadgetstore\index.php (13)
2013/10/15 19:17:37 [error] [php] Undefined variable: phone (C:\wamp\www\gadgetstore\protected\views\phone\view.php:9)
Stack trace:
#0 C:\yii\framework\web\CController.php(869): PhoneController->renderFile()
#1 C:\yii\framework\web\CController.php(782): PhoneController->renderPartial()
#2 C:\wamp\www\gadgetstore\protected\controllers\PhoneController.php(45): PhoneController->render()
#3 C:\yii\framework\web\actions\CInlineAction.php(49): PhoneController->actionView()
#4 C:\yii\framework\web\CController.php(308): CInlineAction->runWithParams()
#5 C:\yii\framework\web\CController.php(286): PhoneController->runAction()
#6 C:\yii\framework\web\CController.php(265): PhoneController->runActionWithFilters()
#7 C:\yii\framework\web\CWebApplication.php(282): PhoneController->run()
#8 C:\yii\framework\web\CWebApplication.php(141): CWebApplication->runController()
#9 C:\yii\framework\base\CApplication.php(169): CWebApplication->processRequest()
#10 C:\wamp\www\gadgetstore\index.php(13): CWebApplication->run()
REQUEST_URI=/gadgetstore/phone/view/1
in C:\wamp\www\gadgetstore\protected\views\phone\view.php (9)
in C:\wamp\www\gadgetstore\protected\controllers\PhoneController.php (45)
in C:\wamp\www\gadgetstore\index.php (13)
2013/10/15 19:17:37 [error] [php] Undefined variable: phone (C:\wamp\www\gadgetstore\protected\views\phone\view.php:9)
Stack trace:
#0 C:\yii\framework\web\CController.php(869): PhoneController->renderFile()
#1 C:\yii\framework\web\CController.php(782): PhoneController->renderPartial()
#2 C:\wamp\www\gadgetstore\protected\controllers\PhoneController.php(45): PhoneController->render()
#3 C:\yii\framework\web\actions\CInlineAction.php(49): PhoneController->actionView()
#4 C:\yii\framework\web\CController.php(308): CInlineAction->runWithParams()
#5 C:\yii\framework\web\CController.php(286): PhoneController->runAction()
#6 C:\yii\framework\web\CController.php(265): PhoneController->runActionWithFilters()
#7 C:\yii\framework\web\CWebApplication.php(282): PhoneController->run()
#8 C:\yii\framework\web\CWebApplication.php(141): CWebApplication->runController()
#9 C:\yii\framework\base\CApplication.php(169): CWebApplication->processRequest()
#10 C:\wamp\www\gadgetstore\index.php(13): CWebApplication->run()
REQUEST_URI=/gadgetstore/phone/view/1
in C:\wamp\www\gadgetstore\protected\views\phone\view.php (9)
in C:\wamp\www\gadgetstore\protected\controllers\PhoneController.php (45)
in C:\wamp\www\gadgetstore\index.php (13)
2013/10/15 19:30:56 [error] [php] Undefined variable: phones (C:\wamp\www\gadgetstore\protected\views\phone\view-all.php:6)
Stack trace:
#0 C:\yii\framework\web\CController.php(869): PhoneController->renderFile()
#1 C:\yii\framework\web\CController.php(782): PhoneController->renderPartial()
#2 C:\wamp\www\gadgetstore\protected\controllers\PhoneController.php(50): PhoneController->render()
#3 C:\yii\framework\web\actions\CInlineAction.php(49): PhoneController->actionView()
#4 C:\yii\framework\web\CController.php(308): CInlineAction->runWithParams()
#5 C:\yii\framework\web\CController.php(286): PhoneController->runAction()
#6 C:\yii\framework\web\CController.php(265): PhoneController->runActionWithFilters()
#7 C:\yii\framework\web\CWebApplication.php(282): PhoneController->run()
#8 C:\yii\framework\web\CWebApplication.php(141): CWebApplication->runController()
#9 C:\yii\framework\base\CApplication.php(169): CWebApplication->processRequest()
#10 C:\wamp\www\gadgetstore\index.php(13): CWebApplication->run()
REQUEST_URI=/gadgetstore/phone/
in C:\wamp\www\gadgetstore\protected\views\phone\view-all.php (6)
in C:\wamp\www\gadgetstore\protected\controllers\PhoneController.php (50)
in C:\wamp\www\gadgetstore\index.php (13)
2013/10/15 19:37:41 [error] [php] Undefined variable: model (C:\wamp\www\gadgetstore\protected\controllers\PhoneController.php:36)
Stack trace:
#0 C:\yii\framework\web\CController.php(286): PhoneController->runAction()
#1 C:\yii\framework\web\CController.php(265): PhoneController->runActionWithFilters()
#2 C:\yii\framework\web\CWebApplication.php(282): PhoneController->run()
#3 C:\yii\framework\web\CWebApplication.php(141): CWebApplication->runController()
#4 C:\yii\framework\base\CApplication.php(169): CWebApplication->processRequest()
#5 C:\wamp\www\gadgetstore\index.php(13): CWebApplication->run()
REQUEST_URI=/gadgetstore/phone/update/11
in C:\wamp\www\gadgetstore\protected\controllers\PhoneController.php (36)
in C:\wamp\www\gadgetstore\index.php (13)
2013/10/15 19:44:31 [error] [php] Undefined variable: model (C:\wamp\www\gadgetstore\protected\views\phone\add.php:16)
Stack trace:
#0 C:\yii\framework\web\CController.php(869): PhoneController->renderFile()
#1 C:\wamp\www\gadgetstore\protected\views\phone\update.php(2): PhoneController->renderPartial()
#2 C:\yii\framework\web\CBaseController.php(126): require()
#3 C:\yii\framework\web\CBaseController.php(95): PhoneController->renderInternal()
#4 C:\yii\framework\web\CController.php(869): PhoneController->renderFile()
#5 C:\yii\framework\web\CController.php(782): PhoneController->renderPartial()
#6 C:\wamp\www\gadgetstore\protected\controllers\PhoneController.php(36): PhoneController->render()
#7 C:\yii\framework\web\actions\CInlineAction.php(49): PhoneController->actionUpdate()
#8 C:\yii\framework\web\CController.php(308): CInlineAction->runWithParams()
#9 C:\yii\framework\web\CController.php(286): PhoneController->runAction()
#10 C:\yii\framework\web\CController.php(265): PhoneController->runActionWithFilters()
#11 C:\yii\framework\web\CWebApplication.php(282): PhoneController->run()
#12 C:\yii\framework\web\CWebApplication.php(141): CWebApplication->runController()
#13 C:\yii\framework\base\CApplication.php(169): CWebApplication->processRequest()
#14 C:\wamp\www\gadgetstore\index.php(13): CWebApplication->run()
REQUEST_URI=/gadgetstore/phone/update/11
in C:\wamp\www\gadgetstore\protected\views\phone\add.php (16)
in C:\wamp\www\gadgetstore\protected\views\phone\update.php (2)
in C:\wamp\www\gadgetstore\protected\controllers\PhoneController.php (36)
2013/10/15 19:54:31 [error] [exception.CHttpException.404] exception 'CHttpException' with message 'Unable to resolve the request "view/view".' in C:\yii\framework\web\CWebApplication.php:286
Stack trace:
#0 C:\yii\framework\web\CWebApplication.php(141): CWebApplication->runController('view/view')
#1 C:\yii\framework\base\CApplication.php(169): CWebApplication->processRequest()
#2 C:\wamp\www\gadgetstore\index.php(13): CApplication->run()
#3 {main}
REQUEST_URI=/gadgetstore/view/12
HTTP_REFERER=http://localhost/gadgetstore/phone/update/10
---
2013/10/16 17:52:07 [error] [php] Undefined variable: phone (C:\wamp\www\gadgetstore\protected\controllers\PhoneController.php:19)
Stack trace:
#0 C:\yii\framework\web\CController.php(286): PhoneController->runAction()
#1 C:\yii\framework\web\CController.php(265): PhoneController->runActionWithFilters()
#2 C:\yii\framework\web\CWebApplication.php(282): PhoneController->run()
#3 C:\yii\framework\web\CWebApplication.php(141): CWebApplication->runController()
#4 C:\yii\framework\base\CApplication.php(169): CWebApplication->processRequest()
#5 C:\wamp\www\gadgetstore\index.php(13): CWebApplication->run()
REQUEST_URI=/gadgetstore/phone/add
in C:\wamp\www\gadgetstore\protected\controllers\PhoneController.php (19)
in C:\wamp\www\gadgetstore\index.php (13)
2013/10/16 20:38:34 [error] [php] Trying to get property of non-object (C:\wamp\www\gadgetstore\protected\views\phone\view.php:6)
Stack trace:
#0 C:\yii\framework\web\CController.php(869): PhoneController->renderFile()
#1 C:\yii\framework\web\CController.php(782): PhoneController->renderPartial()
#2 C:\wamp\www\gadgetstore\protected\controllers\PhoneController.php(57): PhoneController->render()
#3 C:\yii\framework\web\actions\CInlineAction.php(49): PhoneController->actionShow()
#4 C:\yii\framework\web\CController.php(308): CInlineAction->runWithParams()
#5 C:\yii\framework\web\CController.php(286): PhoneController->runAction()
#6 C:\yii\framework\web\CController.php(265): PhoneController->runActionWithFilters()
#7 C:\yii\framework\web\CWebApplication.php(282): PhoneController->run()
#8 C:\yii\framework\web\CWebApplication.php(141): CWebApplication->runController()
#9 C:\yii\framework\base\CApplication.php(169): CWebApplication->processRequest()
#10 C:\wamp\www\gadgetstore\index.php(13): CWebApplication->run()
REQUEST_URI=/gadgetstore/phones/samsung-galaxy-s4
in C:\wamp\www\gadgetstore\protected\views\phone\view.php (6)
in C:\wamp\www\gadgetstore\protected\controllers\PhoneController.php (57)
in C:\wamp\www\gadgetstore\index.php (13)
2013/10/16 20:42:24 [error] [php] Trying to get property of non-object (C:\wamp\www\gadgetstore\protected\views\phone\view.php:6)
Stack trace:
#0 C:\yii\framework\web\CController.php(869): PhoneController->renderFile()
#1 C:\yii\framework\web\CController.php(782): PhoneController->renderPartial()
#2 C:\wamp\www\gadgetstore\protected\controllers\PhoneController.php(57): PhoneController->render()
#3 C:\yii\framework\web\actions\CInlineAction.php(49): PhoneController->actionShow()
#4 C:\yii\framework\web\CController.php(308): CInlineAction->runWithParams()
#5 C:\yii\framework\web\CController.php(286): PhoneController->runAction()
#6 C:\yii\framework\web\CController.php(265): PhoneController->runActionWithFilters()
#7 C:\yii\framework\web\CWebApplication.php(282): PhoneController->run()
#8 C:\yii\framework\web\CWebApplication.php(141): CWebApplication->runController()
#9 C:\yii\framework\base\CApplication.php(169): CWebApplication->processRequest()
#10 C:\wamp\www\gadgetstore\index.php(13): CWebApplication->run()
REQUEST_URI=/gadgetstore/phones/samsung-galaxy-s4tt
in C:\wamp\www\gadgetstore\protected\views\phone\view.php (6)
in C:\wamp\www\gadgetstore\protected\controllers\PhoneController.php (57)
in C:\wamp\www\gadgetstore\index.php (13)
2013/10/16 20:42:53 [error] [php] include(ChttpException.php) [<a href='function.include'>function.include</a>]: failed to open stream: No such file or directory (C:\yii\framework\YiiBase.php:421)
Stack trace:
#0 C:\wamp\www\gadgetstore\protected\controllers\PhoneController.php(58): spl_autoload_call()
#1 C:\yii\framework\web\actions\CInlineAction.php(49): PhoneController->actionShow()
#2 C:\yii\framework\web\CController.php(308): CInlineAction->runWithParams()
#3 C:\yii\framework\web\CController.php(286): PhoneController->runAction()
#4 C:\yii\framework\web\CController.php(265): PhoneController->runActionWithFilters()
#5 C:\yii\framework\web\CWebApplication.php(282): PhoneController->run()
#6 C:\yii\framework\web\CWebApplication.php(141): CWebApplication->runController()
#7 C:\yii\framework\base\CApplication.php(169): CWebApplication->processRequest()
#8 C:\wamp\www\gadgetstore\index.php(13): CWebApplication->run()
REQUEST_URI=/gadgetstore/phones/samsung-galaxy-s4tt
in C:\wamp\www\gadgetstore\protected\controllers\PhoneController.php (58)
in C:\wamp\www\gadgetstore\index.php (13)
2013/10/16 20:44:10 [error] [php] include(ChttpException.php) [<a href='function.include'>function.include</a>]: failed to open stream: No such file or directory (C:\yii\framework\YiiBase.php:421)
Stack trace:
#0 C:\wamp\www\gadgetstore\protected\controllers\PhoneController.php(58): spl_autoload_call()
#1 C:\yii\framework\web\actions\CInlineAction.php(49): PhoneController->actionShow()
#2 C:\yii\framework\web\CController.php(308): CInlineAction->runWithParams()
#3 C:\yii\framework\web\CController.php(286): PhoneController->runAction()
#4 C:\yii\framework\web\CController.php(265): PhoneController->runActionWithFilters()
#5 C:\yii\framework\web\CWebApplication.php(282): PhoneController->run()
#6 C:\yii\framework\web\CWebApplication.php(141): CWebApplication->runController()
#7 C:\yii\framework\base\CApplication.php(169): CWebApplication->processRequest()
#8 C:\wamp\www\gadgetstore\index.php(13): CWebApplication->run()
REQUEST_URI=/gadgetstore/phones/samsung-galaxy-s4tt
in C:\wamp\www\gadgetstore\protected\controllers\PhoneController.php (58)
in C:\wamp\www\gadgetstore\index.php (13)
2013/10/16 20:44:12 [error] [php] include(ChttpException.php) [<a href='function.include'>function.include</a>]: failed to open stream: No such file or directory (C:\yii\framework\YiiBase.php:421)
Stack trace:
#0 C:\wamp\www\gadgetstore\protected\controllers\PhoneController.php(58): spl_autoload_call()
#1 C:\yii\framework\web\actions\CInlineAction.php(49): PhoneController->actionShow()
#2 C:\yii\framework\web\CController.php(308): CInlineAction->runWithParams()
#3 C:\yii\framework\web\CController.php(286): PhoneController->runAction()
#4 C:\yii\framework\web\CController.php(265): PhoneController->runActionWithFilters()
#5 C:\yii\framework\web\CWebApplication.php(282): PhoneController->run()
#6 C:\yii\framework\web\CWebApplication.php(141): CWebApplication->runController()
#7 C:\yii\framework\base\CApplication.php(169): CWebApplication->processRequest()
#8 C:\wamp\www\gadgetstore\index.php(13): CWebApplication->run()
REQUEST_URI=/gadgetstore/phones/samsung-galaxy-s4tt
in C:\wamp\www\gadgetstore\protected\controllers\PhoneController.php (58)
in C:\wamp\www\gadgetstore\index.php (13)
2013/10/16 20:45:18 [error] [exception.CHttpException.404] exception 'CHttpException' with message 'Page Not Found' in C:\wamp\www\gadgetstore\protected\controllers\PhoneController.php:58
Stack trace:
#0 C:\yii\framework\web\actions\CInlineAction.php(49): PhoneController->actionShow()
#1 C:\yii\framework\web\CController.php(308): CInlineAction->runWithParams(Array)
#2 C:\yii\framework\web\CController.php(286): CController->runAction(Object(CInlineAction))
#3 C:\yii\framework\web\CController.php(265): CController->runActionWithFilters(Object(CInlineAction), Array)
#4 C:\yii\framework\web\CWebApplication.php(282): CController->run('show')
#5 C:\yii\framework\web\CWebApplication.php(141): CWebApplication->runController('phone/show')
#6 C:\yii\framework\base\CApplication.php(169): CWebApplication->processRequest()
#7 C:\wamp\www\gadgetstore\index.php(13): CApplication->run()
#8 {main}
REQUEST_URI=/gadgetstore/phones/samsung-galaxy-s4tt
---
